employee/android/app/build/intermediates/manifest_merge_blame_file/debug/manifest-merger-blame-debug-report.txt
1<?xml version="1.0" encoding="utf-8"?>
2<manifest xmlns:android="http://schemas.android.com/apk/res/android"
3    package="com.employee"
4    android:versionCode="1"
5    android:versionName="1.0" >
6
7    <uses-sdk
8        android:minSdkVersion="16"
9        android:targetSdkVersion="28" />
10
11    <uses-permission android:name="android.permission.SYSTEM_ALERT_WINDOW" />
11-->src/debug/AndroidManifest.xml:5:5-77
11-->src/debug/AndroidManifest.xml:5:22-75
12    <uses-permission android:name="android.permission.INTERNET" />
12-->src/main/AndroidManifest.xml:4:5-67
12-->src/main/AndroidManifest.xml:4:22-64
13    <uses-permission android:name="android.permission.ACCESS_NETWORK_STATE" /> <!-- <uses-permission android:name="android.permission.ACCESS_COARSE_LOCATION" /> -->
13-->src/main/AndroidManifest.xml:5:5-79
13-->src/main/AndroidManifest.xml:5:22-76
14    <uses-permission android:name="android.permission.ACCESS_FINE_LOCATION" />
14-->src/main/AndroidManifest.xml:7:5-79
14-->src/main/AndroidManifest.xml:7:22-76
15    <uses-permission android:name="android.permission.ACCESS_WIFI_STATE" />
15-->[com.facebook.flipper:flipper:0.33.1] AndroidManifest.xml:16:5-76
15-->[com.facebook.flipper:flipper:0.33.1] AndroidManifest.xml:16:22-73
16    <uses-permission android:name="android.permission.ACCESS_COARSE_LOCATION" />
16-->[:react-native-geolocation-service] AndroidManifest.xml:11:5-81
16-->[:react-native-geolocation-service] AndroidManifest.xml:11:22-78
17    <uses-permission android:name="android.permission.WRITE_EXTERNAL_STORAGE" />
17-->[:react-native-image-crop-picker] AndroidManifest.xml:10:5-81
17-->[:react-native-image-crop-picker] AndroidManifest.xml:10:22-78
18
19    <application
19-->src/main/AndroidManifest.xml:9:5-28:19
20        android:name="com.employee.MainApplication"
20-->src/main/AndroidManifest.xml:10:7-38
21        android:allowBackup="false"
21-->src/main/AndroidManifest.xml:14:7-34
22        android:appComponentFactory="androidx.core.app.CoreComponentFactory"
22-->[androidx.core:core:1.1.0] AndroidManifest.xml:24:18-86
23        android:debuggable="true"
24        android:icon="@mipmap/ic_launcher"
24-->src/main/AndroidManifest.xml:12:7-41
25        android:label="@string/app_name"
25-->src/main/AndroidManifest.xml:11:7-39
26        android:roundIcon="@mipmap/ic_launcher_round"
26-->src/main/AndroidManifest.xml:13:7-52
27        android:theme="@style/AppTheme"
27-->src/main/AndroidManifest.xml:15:7-38
28        android:usesCleartextTraffic="true" >
28-->src/debug/AndroidManifest.xml:7:18-53
29        <activity
29-->src/main/AndroidManifest.xml:16:7-26:18
30            android:name="com.employee.MainActivity"
30-->src/main/AndroidManifest.xml:17:9-37
31            android:configChanges="keyboard|keyboardHidden|orientation|screenSize|uiMode"
31-->src/main/AndroidManifest.xml:19:9-86
32            android:label="@string/app_name"
32-->src/main/AndroidManifest.xml:18:9-41
33            android:launchMode="singleTask"
33-->src/main/AndroidManifest.xml:20:9-40
34            android:windowSoftInputMode="adjustResize" >
34-->src/main/AndroidManifest.xml:21:9-51
35            <intent-filter>
35-->src/main/AndroidManifest.xml:22:9-25:25
36                <action android:name="android.intent.action.MAIN" />
36-->src/main/AndroidManifest.xml:23:13-65
36-->src/main/AndroidManifest.xml:23:21-62
37
38                <category android:name="android.intent.category.LAUNCHER" />
38-->src/main/AndroidManifest.xml:24:13-73
38-->src/main/AndroidManifest.xml:24:23-70
39            </intent-filter>
40        </activity>
41        <activity android:name="com.facebook.react.devsupport.DevSettingsActivity" />
41-->src/main/AndroidManifest.xml:27:7-84
41-->src/main/AndroidManifest.xml:27:17-81
42
43        <provider
43-->[:react-native-image-crop-picker] AndroidManifest.xml:13:9-21:20
44            android:name="androidx.core.content.FileProvider"
44-->[:react-native-image-crop-picker] AndroidManifest.xml:14:13-62
45            android:authorities="com.employee.provider"
45-->[:react-native-image-crop-picker] AndroidManifest.xml:15:13-60
46            android:exported="false"
46-->[:react-native-image-crop-picker] AndroidManifest.xml:16:13-37
47            android:grantUriPermissions="true" >
47-->[:react-native-image-crop-picker] AndroidManifest.xml:17:13-47
48            <meta-data
48-->[:react-native-image-crop-picker] AndroidManifest.xml:18:13-20:58
49                android:name="android.support.FILE_PROVIDER_PATHS"
49-->[:react-native-image-crop-picker] AndroidManifest.xml:19:17-67
50                android:resource="@xml/provider_paths" />
50-->[:react-native-image-crop-picker] AndroidManifest.xml:20:17-55
51        </provider>
52
53        <activity
53-->[:react-native-image-crop-picker] AndroidManifest.xml:23:9-25:72
54            android:name="com.yalantis.ucrop.UCropActivity"
54-->[:react-native-image-crop-picker] AndroidManifest.xml:24:13-60
55            android:theme="@style/Theme.AppCompat.Light.NoActionBar" />
55-->[:react-native-image-crop-picker] AndroidManifest.xml:25:13-69
56        <activity
56-->[com.google.android.gms:play-services-base:16.0.1] AndroidManifest.xml:23:9-26:75
57            android:name="com.google.android.gms.common.api.GoogleApiActivity"
57-->[com.google.android.gms:play-services-base:16.0.1] AndroidManifest.xml:24:13-79
58            android:exported="false"
58-->[com.google.android.gms:play-services-base:16.0.1] AndroidManifest.xml:25:13-37
59            android:theme="@android:style/Theme.Translucent.NoTitleBar" />
59-->[com.google.android.gms:play-services-base:16.0.1] AndroidManifest.xml:26:13-72
60
61        <meta-data
61-->[com.google.android.gms:play-services-basement:16.0.1] AndroidManifest.xml:23:9-25:69
62            android:name="com.google.android.gms.version"
62-->[com.google.android.gms:play-services-basement:16.0.1] AndroidManifest.xml:24:13-58
63            android:value="@integer/google_play_services_version" />
63-->[com.google.android.gms:play-services-basement:16.0.1] AndroidManifest.xml:25:13-66
64    </application>
65
66</manifest>